#
# A fatal error has been detected by the Java Runtime Environment:
#
#  EXCEPTION_ACCESS_VIOLATION (0xc0000005) at pc=0x00007ffedc2eb4ef, pid=7516, tid=15384
#
# JRE version: Java(TM) SE Runtime Environment (24.0.2+12) (build 24.0.2+12-54)
# Java VM: Java HotSpot(TM) 64-Bit Server VM (24.0.2+12-54, mixed mode, sharing, tiered, compressed oops, compressed class ptrs, g1 gc, windows-amd64)
# Problematic frame:
# C  [_jpype.cp310-win_amd64.pyd+0xb4ef]
#
# No core dump will be written. Minidumps are not enabled by default on client versions of Windows
#
# If you would like to submit a bug report, please visit:
#   https://bugreport.java.com/bugreport/crash.jsp
# The crash happened outside the Java Virtual Machine in native code.
# See problematic frame for where to report the bug.
#

---------------  S U M M A R Y ------------

Command Line: -Duser.language=Japanese -Duser.country=Japan -javaagent:C:\Python\lib\site-packages\org.jpype.jar 

Host: 11th Gen Intel(R) Core(TM) i7-11800H @ 2.30GHz, 16 cores, 31G,  Windows 11 , 64 bit Build 26100 (10.0.26100.4768)
Time: Wed Sep 10 10:17:21 2025 Tokyo Standard Time elapsed time: 4.011337 seconds (0d 0h 0m 4s)

---------------  T H R E A D  ---------------

Current thread (0x000002b52879fb20):  JavaThread "main"             [_thread_in_native, id=15384, stack(0x000000c262a00000,0x000000c262bf0000) (1984K)]

Stack: [0x000000c262a00000,0x000000c262bf0000],  sp=0x000000c262beb0e0,  free space=1964k
Native frames: (J=compiled Java code, j=interpreted, Vv=VM code, C=native code)
C  [_jpype.cp310-win_amd64.pyd+0xb4ef]  (no source info available)
C  [_jpype.cp310-win_amd64.pyd+0x24a94]  (no source info available)
C  [_jpype.cp310-win_amd64.pyd+0x264fc]  (no source info available)
C  [_jpype.cp310-win_amd64.pyd+0x3e6bf]  (no source info available)
C  [python310.dll+0x2f855]  (no source info available)
C  [python310.dll+0x2a937]  (no source info available)
C  [python310.dll+0x77814]  (no source info available)
C  [python310.dll+0x776eb]  (no source info available)
C  [python310.dll+0x3179e]  (no source info available)
C  [python310.dll+0x2a937]  (no source info available)
C  [python310.dll+0x2be94]  (no source info available)
C  [python310.dll+0x2c7c7]  (no source info available)
C  [python310.dll+0x2a937]  (no source info available)
C  [python310.dll+0x2be94]  (no source info available)
C  [python310.dll+0x2a937]  (no source info available)
C  [python310.dll+0x77814]  (no source info available)
C  [python310.dll+0x776eb]  (no source info available)
C  [python310.dll+0x3179e]  (no source info available)
C  [python310.dll+0x2a937]  (no source info available)
C  [python310.dll+0x2be94]  (no source info available)
C  [python310.dll+0x2a937]  (no source info available)
C  [python310.dll+0x2be94]  (no source info available)
C  [python310.dll+0x2a937]  (no source info available)
C  [python310.dll+0x2d1fe]  (no source info available)
C  [python310.dll+0x2a937]  (no source info available)
C  [python310.dll+0x296c3]  (no source info available)
C  [python310.dll+0x77814]  (no source info available)
C  [python310.dll+0x775eb]  (no source info available)
C  [_jpype.cp310-win_amd64.pyd+0x27aeb]  (no source info available)
C  0x000002b539d1af69  (no source info available)

The last pc belongs to native nmethod (printed below).
Java frames: (J=compiled Java code, j=interpreted, Vv=VM code)
J 3973  org.jpype.proxy.JPypeProxy.hostInvoke(JLjava/lang/String;JJ[J[Ljava/lang/Object;Ljava/lang/Object;)Ljava/lang/Object; (0 bytes) @ 0x000002b539d1af30 [0x000002b539d1ae80+0x00000000000000b0]
J 4210 c1 org.jpype.proxy.JPypeProxy.invoke(Ljava/lang/Object;Ljava/lang/reflect/Method;[Ljava/lang/Object;)Ljava/lang/Object; (262 bytes) @ 0x000002b53265e634 [0x000002b53265dce0+0x0000000000000954]
j  jdk.proxy2.$Proxy18.defineConstraints(Lai/timefold/solver/core/api/score/stream/ConstraintFactory;)[Lai/timefold/solver/core/api/score/stream/Constraint;+16 jdk.proxy2
j  org.jpyinterpreter.user.employee_scheduler_overtime_2.define_constraints.defineConstraints(Lai/timefold/solver/core/api/score/stream/ConstraintFactory;)[Lai/timefold/solver/core/api/score/stream/Constraint;+4
j  ai.timefold.solver.core.impl.score.stream.common.InnerConstraintFactory.buildConstraints(Lai/timefold/solver/core/api/score/stream/ConstraintProvider;)Ljava/util/List;+2
j  ai.timefold.solver.core.impl.score.director.stream.BavetConstraintStreamScoreDirectorFactory.<init>(Lai/timefold/solver/core/impl/domain/solution/descriptor/SolutionDescriptor;Lai/timefold/solver/core/api/score/stream/ConstraintProvider;Lai/timefold/solver/core/config/solver/EnvironmentMode;)V+20
j  ai.timefold.solver.core.impl.score.director.stream.BavetConstraintStreamScoreDirectorFactory.buildScoreDirectorFactory(Lai/timefold/solver/core/impl/domain/solution/descriptor/SolutionDescriptor;Lai/timefold/solver/core/config/score/director/ScoreDirectorFactoryConfig;Lai/timefold/solver/core/config/solver/EnvironmentMode;)Lai/timefold/solver/core/impl/score/director/stream/BavetConstraintStreamScoreDirectorFactory;+88
j  ai.timefold.solver.core.impl.score.director.ScoreDirectorFactoryFactory.decideMultipleScoreDirectorFactories(Lai/timefold/solver/core/impl/domain/solution/descriptor/SolutionDescriptor;Lai/timefold/solver/core/config/solver/EnvironmentMode;)Lai/timefold/solver/core/impl/score/director/AbstractScoreDirectorFactory;+101
j  ai.timefold.solver.core.impl.score.director.ScoreDirectorFactoryFactory.buildScoreDirectorFactory(Lai/timefold/solver/core/config/solver/EnvironmentMode;Lai/timefold/solver/core/impl/domain/solution/descriptor/SolutionDescriptor;)Lai/timefold/solver/core/impl/score/director/ScoreDirectorFactory;+3
j  ai.timefold.solver.core.impl.solver.DefaultSolverFactory.buildScoreDirectorFactory()Lai/timefold/solver/core/impl/score/director/ScoreDirectorFactory;+42
j  ai.timefold.solver.core.impl.solver.DefaultSolverFactory.<init>(Lai/timefold/solver/core/config/solver/SolverConfig;)V+51
j  ai.timefold.solver.core.api.solver.SolverFactory.create(Lai/timefold/solver/core/config/solver/SolverConfig;)Lai/timefold/solver/core/api/solver/SolverFactory;+19
v  ~StubRoutines::call_stub 0x000002b539490fcd

siginfo: EXCEPTION_ACCESS_VIOLATION (0xc0000005), reading address 0x0000000000000000


Registers:
RAX=0x0000000000000000, RBX=0x000002b54ef2ba48, RCX=0x000002b52879fec8, RDX=0x000002b52879fec8
RSP=0x000000c262beb0e0, RBP=0x000000c262beb440, RSI=0x000000c262beb290, RDI=0x000002b506f91670
R8 =0x0000000000000000, R9 =0x0000000000000002, R10=0x000002b5287b0860, R11=0x000000c262beafa0
R12=0x0000000000000000, R13=0x000002b54efd12b0, R14=0x000000c262beb358, R15=0x0000000000000000
RIP=0x00007ffedc2eb4ef, EFLAGS=0x0000000000010202

XMM[0]=0x0000000000000000 0x0000000000000000
XMM[1]=0x0000000000000000 0x0000000000000000
XMM[2]=0x0000000000000000 0x0000000000000000
XMM[3]=0x0000000000000000 0x0000000000000000
XMM[4]=0x0000000000000000 0x0000000000000000
XMM[5]=0x0000000000000000 0x0000000000000000
XMM[6]=0x437c1d2e8c3ce61c 0x4ceca76c44acf2b1
XMM[7]=0x3cab83e395da3a92 0x03b550f2fe8c88fb
XMM[8]=0x0000000000000000 0x0000000000000000
XMM[9]=0x0000000000000000 0xbff0000000000000
XMM[10]=0x0000000000000000 0x41e0000000000000
XMM[11]=0x0000000000000000 0x8000000000000000
XMM[12]=0x0000000000000000 0xc1e0000000000000
XMM[13]=0x0000000000000000 0x0000000000000000
XMM[14]=0x0000000000000000 0x0000000000000000
XMM[15]=0x0000000000000000 0x0000000000000000
  MXCSR=0x00001fab


Register to memory mapping:

RAX=0x0 is null
RBX=0x000002b54ef2ba48 points into unknown readable memory: 0x000000060f3f4bb8 | b8 4b 3f 0f 06 00 00 00
RCX=0x000002b52879fec8 points into unknown readable memory: 0x000000c262bedad0 | d0 da be 62 c2 00 00 00
RDX=0x000002b52879fec8 points into unknown readable memory: 0x000000c262bedad0 | d0 da be 62 c2 00 00 00
RSP=0x000000c262beb0e0 is pointing into the stack for thread: 0x000002b52879fb20
RBP=0x000000c262beb440 is pointing into the stack for thread: 0x000002b52879fb20
RSI=0x000000c262beb290 is pointing into the stack for thread: 0x000002b52879fb20
RDI=0x000002b506f91670 points into unknown readable memory: 0x0000000000000000 | 00 00 00 00 00 00 00 00
R8 =0x0 is null
R9 =0x0000000000000002 is an unknown value
R10=0x000002b5287b0860 points into unknown readable memory: 0x0000004000000001 | 01 00 00 00 40 00 00 00
R11=0x000000c262beafa0 is pointing into the stack for thread: 0x000002b52879fb20
R12=0x0 is null
R13=0x000002b54efd12b0 points into unknown readable memory: 0x00007ffedc337b00 | 00 7b 33 dc fe 7f 00 00
R14=0x000000c262beb358 is pointing into the stack for thread: 0x000002b52879fb20
R15=0x0 is null

Top of Stack: (sp=0x000000c262beb0e0)
0x000000c262beb0e0:   000002b54ef2ba48 000002b54ef2ba48   H..N....H..N....
0x000000c262beb0f0:   000000c262beb290 000002b506f91670   ...b....p.......
0x000000c262beb100:   0000150dd83fd72f 00007ffedc32a5a7   /.?.......2.....
0x000000c262beb110:   000000c262beb218 000000c262beb290   ...b.......b....
0x000000c262beb120:   000002b54efd12b0 0000000000000000   ...N............
0x000000c262beb130:   000000c262beb218 000000c262beb290   ...b.......b....
0x000000c262beb140:   000002b5972e6870 00007ffedc304a94   ph.......J0.....
0x000000c262beb150:   000002b598da1690 000000c262beb358   ........X..b....
0x000000c262beb160:   000002b506f91670 00007ffedc2ed2ea   p...............
0x000000c262beb170:   000002b59636acd8 000002b598da1690   ..6.............
0x000000c262beb180:   000002b597058480 000002b54fef5180   .........Q.O....
0x000000c262beb190:   0000150dd83fc80f 000002b598da1690   ..?.............
0x000000c262beb1a0:   000002b598da16b0 000002b598da16b0   ................
0x000000c262beb1b0:   000002b59637a580 000000c262beb290   ..7........b....
0x000000c262beb1c0:   000002b54fef5180 fffffffffe544c00   .Q.O.....LT.....
0x000000c262beb1d0:   000000c262beb2a8 00007ffedc3064fc   ...b.....d0.....
0x000000c262beb1e0:   000000c262beb358 000000c262beb358   X..b....X..b....
0x000000c262beb1f0:   000000c262beb290 0000000000000000   ...b............
0x000000c262beb200:   000000c262beb2a8 00007ffe5c781200   ...b......x\....
0x000000c262beb210:   000002b52879fb20 000002b5166a4d68    .y(....hMj.....
0x000000c262beb220:   000002b5972e6870 000002b5959d39d0   ph.......9......
0x000000c262beb230:   000002b5959d3a60 000002b5959d3a60   `:......`:......
0x000000c262beb240:   0000000000000003 000002b597058480   ................
0x000000c262beb250:   000002b506f91670 00007ffedc31e6bf   p.........1.....
0x000000c262beb260:   0000000000000000 000002b597058480   ................
0x000000c262beb270:   000002b54fef5180 0000000000000000   .Q.O............
0x000000c262beb280:   0000000000000000 0000000000000000   ................
0x000000c262beb290:   000002b5284ac450 000002b52879fee8   P.J(......y(....
0x000000c262beb2a0:   4ceca76c44ac0100 0000000000000000   ...Dl..L........
0x000000c262beb2b0:   000002b597058480 000002b5959d3f80   .........?......
0x000000c262beb2c0:   000002b5959d3f98 000002b5959d3f98   .?.......?......
0x000000c262beb2d0:   000002b59559d0b0 000002b529687300   ..Y......sh)....

Instructions: (pc=0x00007ffedc2eb4ef)
  0x00007ffedc2eb3ef:   41 56 48 83 ec 50 49 8b d8 48 8b fa 4c 8b f1 49
  0x00007ffedc2eb3ff:   8b 48 08 48 8b 01 4c 8b 84 24 80 00 00 00 49 8b
  0x00007ffedc2eb40f:   d1 ff 90 f8 02 00 00 48 8b f0 48 8b cb e8 1f 66
  0x00007ffedc2eb41f:   01 00 48 85 f6 74 15 48 8b 0b 48 8b d6 48 8b 89
  0x00007ffedc2eb42f:   f8 00 00 00 e8 88 58 02 00 4c 8b f0 49 8b 06 c6
  0x00007ffedc2eb43f:   44 24 20 00 4c 8b ce 4c 8b c3 48 8b d7 49 8b ce
  0x00007ffedc2eb44f:   ff 50 30 48 8b c7 48 8b 5c 24 60 48 8b 74 24 68
  0x00007ffedc2eb45f:   48 8b 7c 24 70 48 83 c4 50 41 5e c3 cc cc cc cc
  0x00007ffedc2eb46f:   cc 48 89 5c 24 08 48 89 74 24 10 57 41 56 41 57
  0x00007ffedc2eb47f:   48 83 ec 50 49 8b d9 49 8b f0 4c 8b f2 4c 8b f9
  0x00007ffedc2eb48f:   ff 15 f3 7e 04 00 48 8b f8 48 89 84 24 80 00 00
  0x00007ffedc2eb49f:   00 48 8b 4e 08 48 8b 01 4c 8b 8c 24 98 00 00 00
  0x00007ffedc2eb4af:   4c 8b 84 24 90 00 00 00 48 8b d3 ff 90 a0 03 00
  0x00007ffedc2eb4bf:   00 48 8b d8 48 8b ce e8 75 65 01 00 90 48 8b cf
  0x00007ffedc2eb4cf:   ff 15 1b 7f 04 00 48 85 db 74 15 48 8b 0e 48 8b
  0x00007ffedc2eb4df:   d3 48 8b 89 f8 00 00 00 e8 d4 57 02 00 4c 8b f8
=>0x00007ffedc2eb4ef:   49 8b 07 c6 44 24 20 00 4c 8b cb 4c 8b c6 49 8b
  0x00007ffedc2eb4ff:   d6 49 8b cf ff 50 30 49 8b c6 48 8b 5c 24 70 48
  0x00007ffedc2eb50f:   8b 74 24 78 48 83 c4 50 41 5f 41 5e 5f c3 cc cc
  0x00007ffedc2eb51f:   cc 40 53 56 57 41 54 41 55 41 56 41 57 48 81 ec
  0x00007ffedc2eb52f:   e0 00 00 00 48 8b 05 d6 0a 06 00 48 33 c4 48 89
  0x00007ffedc2eb53f:   84 24 d8 00 00 00 49 8b d9 49 8b f0 4c 8b f2 4c
  0x00007ffedc2eb54f:   8b f9 48 89 54 24 30 4c 8b a4 24 40 01 00 00 4c
  0x00007ffedc2eb55f:   8b ac 24 48 01 00 00 48 8b 84 24 50 01 00 00 48
  0x00007ffedc2eb56f:   89 44 24 30 ff 15 0f 7e 04 00 48 8b f8 48 89 44
  0x00007ffedc2eb57f:   24 38 48 85 db 0f 84 b0 00 00 00 48 8b 4e 08 48
  0x00007ffedc2eb58f:   8b 01 4d 85 e4 75 1e 4c 8b 4c 24 30 4d 8b c5 48
  0x00007ffedc2eb59f:   8b d3 ff 90 20 01 00 00 48 8b d8 48 8b ce e8 8e
  0x00007ffedc2eb5af:   64 01 00 eb 25 48 8b 54 24 30 48 89 54 24 20 4d
  0x00007ffedc2eb5bf:   8b cd 4d 8b c4 48 8b d3 ff 90 10 02 00 00 48 8b
  0x00007ffedc2eb5cf:   d8 48 8b ce e8 68 64 01 00 90 48 8b cf ff 15 0e
  0x00007ffedc2eb5df:   7e 04 00 48 85 db 74 15 48 8b 0e 48 8b d3 48 8b


Stack slot to memory mapping:

stack at sp + 0 slots: 0x000002b54ef2ba48 points into unknown readable memory: 0x000000060f3f4bb8 | b8 4b 3f 0f 06 00 00 00
stack at sp + 1 slots: 0x000002b54ef2ba48 points into unknown readable memory: 0x000000060f3f4bb8 | b8 4b 3f 0f 06 00 00 00
stack at sp + 2 slots: 0x000000c262beb290 is pointing into the stack for thread: 0x000002b52879fb20
stack at sp + 3 slots: 0x000002b506f91670 points into unknown readable memory: 0x0000000000000000 | 00 00 00 00 00 00 00 00
stack at sp + 4 slots: 0x0000150dd83fd72f is an unknown value
stack at sp + 5 slots: 0x00007ffedc32a5a7 _jpype.cp310-win_amd64.pyd
stack at sp + 6 slots: 0x000000c262beb218 is pointing into the stack for thread: 0x000002b52879fb20
stack at sp + 7 slots: 0x000000c262beb290 is pointing into the stack for thread: 0x000002b52879fb20

Lock stack of current Java thread (top to bottom):


Compiled method (n/a) 4302 3973     n 0       org.jpype.proxy.JPypeProxy::hostInvoke (native)
 total in heap  [0x000002b539d1ad88,0x000002b539d1b288] = 1280
 relocation     [0x000002b539d1ae60,0x000002b539d1ae78] = 24
 main code      [0x000002b539d1ae80,0x000002b539d1b280] = 1024
 oops           [0x000002b539d1b280,0x000002b539d1b288] = 8

[Constant Pool (empty)]

[MachCode]
[Entry Point]
  # {method} {0x000002b59141e310} 'hostInvoke' '(JLjava/lang/String;JJ[J[Ljava/lang/Object;Ljava/lang/Object;)Ljava/lang/Object;' in 'org/jpype/proxy/JPypeProxy'
  # parm0:    rdx:rdx   = long
  # parm1:    r8:r8     = 'java/lang/String'
  # parm2:    r9:r9     = long
  # parm3:    rdi:rdi   = long
  # parm4:    rsi:rsi   = '[J'
  # parm5:    rcx:rcx   = '[Ljava/lang/Object;'
  # parm6:    [sp+0xa0]   = 'java/lang/Object'  (sp of caller)
  0x000002b539d1ae80: 6690 448b | 5208 443b 

  0x000002b539d1ae88: ;   {runtime_call Shared Runtime ic_miss_blob}
  0x000002b539d1ae88: 5008 0f85 | d03a 7cff 
[Verified Entry Point]
  0x000002b539d1ae90: 8984 2400 | 80ff ff55 | 488b ec48 | 81ec 9000 | 0000 6690 | 4181 7f20 | 0a00 0000 

  0x000002b539d1aeac: ;   {runtime_call StubRoutines (final stubs)}
  0x000002b539d1aeac: 7405 e8ed | cd7a ff48 | 837d 1000 | 488d 4510 | 480f 4445 | 1048 8944 | 2440 4889 | 4c24 7048 
  0x000002b539d1aecc: 83f9 0048 | 8d44 2470 | 480f 4444 | 2470 4889 | 4424 3848 | 8974 2468 | 4883 fe00 | 488d 4424 
  0x000002b539d1aeec: 6848 0f44 | 4424 6848 | 8944 2430 | 4889 7c24 | 284c 894c | 2420 4c89 | 4424 5049 | 83f8 004c 
  0x000002b539d1af0c: 8d4c 2450 | 4c0f 444c | 2450 4c8b 

  0x000002b539d1af18: ;   {oop(a 'java/lang/Class'{0x0000000604805438} = 'org/jpype/proxy/JPypeProxy')}
  0x000002b539d1af18: c249 be38 | 5480 0406 | 0000 004c | 8974 2478 | 4c8d 7424 | 7849 8bd6 

  0x000002b539d1af30: ;   {internal_word}
  0x000002b539d1af30: c5f8 7749 | ba30 afd1 | 39b5 0200 | 004d 8997 | b003 0000 | 4989 a7a8 | 0300 0049 | 8d8f c803 
  0x000002b539d1af50: 0000 41c7 | 8754 0400 | 0004 0000 

  0x000002b539d1af5c: ;   {runtime_call}
  0x000002b539d1af5c: 0048 b890 | 7930 dcfe | 7f00 00ff | d0c5 f877 | 41c7 8754 | 0400 0005 | 0000 00f0 | 8344 24c0 
  0x000002b539d1af7c: 0049 3b6f | 280f 870e | 0000 0041 | 83bf 5004 | 0000 000f | 842b 0000 | 00c5 f877 | 4889 45f8 
  0x000002b539d1af9c: 498b cf4c | 8be4 4883 | ec20 4883 

  0x000002b539d1afa8: ;   {runtime_call}
  0x000002b539d1afa8: e4f0 48b8 | 10b9 725c | fe7f 0000 | ffd0 498b | e44d 33e4 | 488b 45f8 | 41c7 8754 | 0400 0008 
  0x000002b539d1afc8: 0000 0041 | 83bf d004 | 0000 020f | 847a 0200 | 0049 c787 | a803 0000 | 0000 0000 | 49c7 87b0 
  0x000002b539d1afe8: 0300 0000 | 0000 00c5 | f877 4885 | c00f 8435 | 0200 00a8 | 030f 8508 | 0000 0048 | 8b00 e925 
  0x000002b539d1b008: 0200 00a8 | 010f 8509 | 0000 0048 | 8b40 fee9 | 1402 0000 | 488b 40ff | 4180 7f48 | 000f 8405 
  0x000002b539d1b028: 0200 0048 | 83f8 000f | 84fb 0100 | 0049 8b4f | 3848 85c9 | 0f84 1400 | 0000 4883 | e908 4989 
  0x000002b539d1b048: 4f38 4903 | 4f40 4889 | 01e9 da01 | 0000 4881 | ecf0 0000 | 0048 8904 | 2448 894c | 2408 4889 
  0x000002b539d1b068: 5424 104c | 8944 2418 | 4c89 4c24 | 204c 8954 | 2428 4c89 | 5c24 30c5 | fb11 4424 | 40c5 fb11 
  0x000002b539d1b088: 4c24 48c5 | fb11 5424 | 50c5 fb11 | 5c24 58c5 | fb11 6424 | 60c5 fb11 | 6c24 6862 | e1ff 0811 
  0x000002b539d1b0a8: ;   {no_reloc}
  0x000002b539d1b0a8: 4424 0e62 | e1ff 0811 | 4c24 0f62 | e1ff 0811 | 5424 1062 | e1ff 0811 | 5c24 1162 | e1ff 0811 
  0x000002b539d1b0c8: 6424 1262 | e1ff 0811 | 6c24 1362 | e1ff 0811 | 7424 1462 | e1ff 0811 | 7c24 1562 | 61ff 0811 
  0x000002b539d1b0e8: 4424 1662 | 61ff 0811 | 4c24 1762 | 61ff 0811 | 5424 1862 | 61ff 0811 | 5c24 1962 | 61ff 0811 
  0x000002b539d1b108: 6424 1a62 | 61ff 0811 | 6c24 1b62 | 61ff 0811 | 7424 1c62 | 61ff 0811 | 7c24 1d49 | 8bd7 488b 
  0x000002b539d1b128: c848 83ec | 2040 f6c4 | 0f0f 8419 | 0000 0048 

  0x000002b539d1b138: ;   {runtime_call}
  0x000002b539d1b138: 83ec 0848 | b850 4965 | 5cfe 7f00 | 00ff d048 | 83c4 08e9 | 0c00 0000 

  0x000002b539d1b150: ;   {runtime_call}
  0x000002b539d1b150: 48b8 5049 | 655c fe7f | 0000 ffd0 | 4883 c420 | 6261 ff08 | 107c 241d | 6261 ff08 | 1074 241c 
  0x000002b539d1b170: 6261 ff08 | 106c 241b | 6261 ff08 | 1064 241a | 6261 ff08 | 105c 2419 | 6261 ff08 | 1054 2418 
  0x000002b539d1b190: 6261 ff08 | 104c 2417 | 6261 ff08 | 1044 2416 | 62e1 ff08 | 107c 2415 | 62e1 ff08 | 1074 2414 
  0x000002b539d1b1b0: 62e1 ff08 | 106c 2413 | 62e1 ff08 | 1064 2412 | 62e1 ff08 | 105c 2411 | 62e1 ff08 | 1054 2410 
  0x000002b539d1b1d0: 62e1 ff08 | 104c 240f | 62e1 ff08 | 1044 240e | c5fb 106c | 2468 c5fb | 1064 2460 | c5fb 105c 
  0x000002b539d1b1f0: 2458 c5fb | 1054 2450 | c5fb 104c | 2448 c5fb | 1044 2440 | 4c8b 5c24 | 304c 8b54 | 2428 4c8b 
  0x000002b539d1b210: 4c24 204c | 8b44 2418 | 488b 5424 | 1048 8b4c | 2408 488b | 0424 4881 | c4f0 0000 | 00c5 f877 
  0x000002b539d1b230: 498b 8f38 | 0400 00c7 | 8100 0100 | 0000 0000 | 00c9 4983 | 7f08 000f | 8501 0000 

  0x000002b539d1b24c: ;   {runtime_call StubRoutines (initial stubs)}
  0x000002b539d1b24c: 00c3 e96d | 5c77 ffc5 | f877 4889 | 45f8 4c8b | e448 83ec | 2048 83e4 

  0x000002b539d1b264: ;   {runtime_call}
  0x000002b539d1b264: f048 b880 | 59aa 5cfe | 7f00 00ff | d049 8be4 | 4d33 e448 | 8b45 f8e9 | 59fd ffff 
[/MachCode]


Compiled method (c1) 4308 4210   !   3       org.jpype.proxy.JPypeProxy::invoke (262 bytes)
 total in heap  [0x000002b53265d908,0x000002b532660598] = 11408
 relocation     [0x000002b53265d9e0,0x000002b53265dcc8] = 744
 main code      [0x000002b53265dce0,0x000002b532660310] = 9776
 stub code      [0x000002b532660310,0x000002b5326604a8] = 408
 oops           [0x000002b5326604a8,0x000002b5326604b8] = 16
 metadata       [0x000002b5326604b8,0x000002b532660598] = 224
 immutable data [0x000002b507eaf070,0x000002b507eaffd8] = 3944
 dependencies   [0x000002b507eaf070,0x000002b507eaf0b0] = 64
 nul chk table  [0x000002b507eaf0b0,0x000002b507eaf150] = 160
 handler table  [0x000002b507eaf150,0x000002b507eaf558] = 1032
 scopes pcs     [0x000002b507eaf558,0x000002b507eafa38] = 1248
 scopes data    [0x000002b507eafa38,0x000002b507eaffd8] = 1440

[Constant Pool (empty)]

[MachCode]
[Instructions begin]
  0x000002b53265dce0: 6666 660f | 1f84 0000 | 0000 0066 | 6666 9066 | 6690 448b | 5208 443b 

  0x000002b53265dcf8: ;   {runtime_call Shared Runtime ic_miss_blob}
  0x000002b53265dcf8: 5008 0f85 | 600c e806 
[Verified Entry Point]
  0x000002b53265dd00: 8984 2400 | 80ff ff55 | 4881 ec90 | 0100 0090 | 4181 7f20 | 0a00 0000 

  0x000002b53265dd18: ;   {runtime_call StubRoutines (final stubs)}
  0x000002b53265dd18: 7405 e881 | 9fe6 064c | 8984 24d0 | 0000 004c | 898c 24b0 | 0000 0048 | 89bc 24c8 

  0x000002b53265dd34: ;   {metadata(method data for {method} {0x000002b59141e220} 'invoke' '(Ljava/lang/Object;Ljava/lang/reflect/Method;[Ljava/lang/Object;)Ljava/lang/Object;' in 'org/jpype/proxy/JPypeProxy')}
  0x000002b53265dd34: 0000 0048 | b8a0 86d3 | 91b5 0200 | 008b b0cc | 0000 0083 | c602 89b0 | cc00 0000 | 81e6 fe07 
  0x000002b53265dd54: 0000 85f6 | 0f84 ac21 | 0000 8b42 | 0c48 c1e0 | 0348 3b00 

  0x000002b53265dd68: ;   {metadata(method data for {method} {0x000002b59141e220} 'invoke' '(Ljava/lang/Object;Ljava/lang/reflect/Method;[Ljava/lang/Object;)Ljava/lang/Object;' in 'org/jpype/proxy/JPypeProxy')}
  0x000002b53265dd68: 488b f048 | bba0 86d3 | 91b5 0200 

  0x000002b53265dd74: ;   {metadata('org/jpype/JPypeContext')}
  0x000002b53265dd74: 0049 ba80 | 3200 51b5 | 0200 004c | 8993 1801 | 0000 4883 | 8320 0100 

  0x000002b53265dd8c: ;   {metadata(method data for {method} {0x000002b59140e3f0} 'isShutdown' '()Z' in 'org/jpype/JPypeContext')}
  0x000002b53265dd8c: 0001 48be | 008e d391 | b502 0000 | 8b9e cc00 | 0000 83c3 | 0289 9ecc | 0000 0081 | e3fe ff1f 
  0x000002b53265ddac: 0085 db0f | 847b 2100 | 008b 4024 | 48c1 e003 

  0x000002b53265ddbc: ; implicit exception: dispatches to 0x000002b53265ff51
  0x000002b53265ddbc: 483b 0048 

  0x000002b53265ddc0: ;   {metadata(method data for {method} {0x000002b59140e3f0} 'isShutdown' '()Z' in 'org/jpype/JPypeContext')}
  0x000002b53265ddc0: 8bf0 48bb | 008e d391 | b502 0000 | 8b76 0849 | ba00 0000 | 50b5 0200 | 0049 03f2 | 483b b318 
  0x000002b53265dde0: 0100 0075 | 0d48 8383 | 2001 0000 | 01e9 6000 | 0000 483b | b328 0100 | 0075 0d48 | 8383 3001 
  0x000002b53265de00: 0000 01e9 | 4a00 0000 | 4883 bb18 | 0100 0000 | 7517 4889 | b318 0100 | 0048 c783 | 2001 0000 
  0x000002b53265de20: 0100 0000 | e929 0000 | 0048 83bb | 2801 0000 | 0075 1748 | 89b3 2801 | 0000 48c7 | 8330 0100 
  0x000002b53265de40: 0001 0000 | 00e9 0800 | 0000 4883 | 8310 0100 | 0001 8b40 

  0x000002b53265de54: ;   {metadata(method data for {method} {0x000002b59140e3f0} 'isShutdown' '()Z' in 'org/jpype/JPypeContext')}
  0x000002b53265de54: 0c85 c048 | b800 8ed3 | 91b5 0200 | 00be 4001 | 0000 7e05 | be50 0100 | 0048 8b1c | 3048 8d5b 
  0x000002b53265de74: 0148 891c | 300f 8e1a 

  0x000002b53265de7c: ;   {metadata(method data for {method} {0x000002b59140e3f0} 'isShutdown' '()Z' in 'org/jpype/JPypeContext')}
  0x000002b53265de7c: 0000 0048 | b800 8ed3 | 91b5 0200 | 00ff 8060 | 0100 00b8 | 0100 0000 | e905 0000 | 00b8 0000 
  0x000002b53265de9c: 0000 83e0 

  0x000002b53265dea0: ;   {metadata(method data for {method} {0x000002b59141e220} 'invoke' '(Ljava/lang/Object;Ljava/lang/reflect/Method;[Ljava/lang/Object;)Ljava/lang/Object;' in 'org/jpype/proxy/JPypeProxy')}
  0x000002b53265dea0: 0185 c048 | b8a0 86d3 | 91b5 0200 | 00be 5001 | 0000 7505 | be40 0100 | 0048 8b1c | 3048 8d5b 
  0x000002b53265dec0: 0148 891c | 300f 855e | 1e00 008b | 420c 48c1 | e003 483b | 0048 8bf0 

  0x000002b53265ded8: ;   {metadata(method data for {method} {0x000002b59141e220} 'invoke' '(Ljava/lang/Object;Ljava/lang/reflect/Method;[Ljava/lang/Object;)Ljava/lang/Object;' in 'org/jpype/proxy/JPypeProxy')}
  0x000002b53265ded8: 48bb a086 | d391 b502 

  0x000002b53265dee0: ;   {metadata('org/jpype/JPypeContext')}
  0x000002b53265dee0: 0000 49ba | 8032 0051 | b502 0000 | 4c89 9378 | 0100 0048 | 8383 8001 | 0000 018b | 701c 48c1 
  0x000002b53265df00: e603 4889 | b424 b800 | 0000 488d | 9c24 7001 | 0000 4889 | 7308 488b | 0641 8b8f | 5806 0000 
  0x000002b53265df20: 81f9 a806 | 0000 0f8d | 3420 0000 | 493b 740f | f80f 8425 | 0000 00a8 | 020f 8521 | 2000 0048 
  0x000002b53265df40: 8bc8 4883 | e1fe 4883 | c801 f048 | 0fb1 0e0f | 850b 2000 | 0041 8b8f | 5806 0000 | 4989 340f 
  0x000002b53265df60: 83c1 0841 | 898f 5806 | 0000 4889 | 9424 c000 | 0000 493b | 0149 8bd9 

  0x000002b53265df78: ;   {metadata(method data for {method} {0x000002b59141e220} 'invoke' '(Ljava/lang/Object;Ljava/lang/reflect/Method;[Ljava/lang/Object;)Ljava/lang/Object;' in 'org/jpype/proxy/JPypeProxy')}
  0x000002b53265df78: 48b8 a086 | d391 b502 | 0000 8b5b | 0849 ba00 | 0000 50b5 | 0200 0049 | 03da 483b | 98a8 0100 
  0x000002b53265df98: 0075 0d48 | 8380 b001 | 0000 01e9 | 6000 0000 | 483b 98b8 | 0100 0075 | 0d48 8380 | c001 0000 
  0x000002b53265dfb8: 01e9 4a00 | 0000 4883 | b8a8 0100 | 0000 7517 | 4889 98a8 | 0100 0048 | c780 b001 | 0000 0100 
  0x000002b53265dfd8: 0000 e929 | 0000 0048 | 83b8 b801 | 0000 0075 | 1748 8998 | b801 0000 | 48c7 80c0 | 0100 0001 
  0x000002b53265dff8: 0000 00e9 | 0800 0000 | 4883 80a0 | 0100 0001 | 418b 5930 | 48c1 e303 

  0x000002b53265e010: ;   {metadata(method data for {method} {0x000002b59141e220} 'invoke' '(Ljava/lang/Object;Ljava/lang/reflect/Method;[Ljava/lang/Object;)Ljava/lang/Object;' in 'org/jpype/proxy/JPypeProxy')}
  0x000002b53265e010: 488b c648 | b9a0 86d3 | 91b5 0200 

  0x000002b53265e01c: ;   {metadata('org/jpype/manager/TypeManager')}
  0x000002b53265e01c: 0049 ba00 | 3000 51b5 | 0200 004c | 8991 d801 | 0000 4883 | 81e0 0100 | 0001 4c8b | c348 8bd6 
  0x000002b53265e03c: ;   {optimized virtual_call}
  0x000002b53265e03c: 6666 90e8 

  0x000002b53265e040: ; ImmutableOopMap {[176]=Oop [184]=Oop [192]=Oop [200]=Oop [208]=Oop [376]=Oop }
                      ;*invokevirtual findClass {reexecute=0 rethrow=0 return_oop=0}
                      ; - org.jpype.proxy.JPypeProxy::invoke@41
  0x000002b53265e040: 1c0e e806 

  0x000002b53265e044: ;   {post_call_nop}
  0x000002b53265e044: 0f1f 8400 | 3c07 0000 | 4c8b 8c24 | b000 0000 

  0x000002b53265e054: ;   {metadata(method data for {method} {0x000002b59141e220} 'invoke' '(Ljava/lang/Object;Ljava/lang/reflect/Method;[Ljava/lang/Object;)Ljava/lang/Object;' in 'org/jpype/proxy/JPypeProxy')}
  0x000002b53265e054: 48ba a086 | d391 b502 | 0000 458b | 4908 49ba | 0000 0050 | b502 0000 | 4d03 ca4c | 3b8a 0802 
  0x000002b53265e074: 0000 750d | 4883 8210 | 0200 0001 | e960 0000 | 004c 3b8a | 1802 0000 | 750d 4883 | 8220 0200 
  0x000002b53265e094: 0001 e94a | 0000 0048 | 83ba 0802 | 0000 0075 | 174c 898a | 0802 0000 | 48c7 8210 | 0200 0001 
  0x000002b53265e0b4: 0000 00e9 | 2900 0000 | 4883 ba18 | 0200 0000 | 7517 4c89 | 8a18 0200 | 0048 c782 | 2002 0000 
  0x000002b53265e0d4: 0100 0000 | e908 0000 | 0048 8382 | 0002 0000 

  0x000002b53265e0e4: ;   {metadata(method data for {method} {0x000002b5501a0578} 'getParameterTypes' '()[Ljava/lang/Class;' in 'java/lang/reflect/Method')}
  0x000002b53265e0e4: 0148 baa0 | 3d15 91b5 | 0200 008b | b2cc 0000 | 0083 c602 | 89b2 cc00 | 0000 81e6 | feff 1f00 
  0x000002b53265e104: 85f6 0f84 | 6c1e 0000 | 4c8b 8c24 | b000 0000 | 418b 5134 | 48c1 e203 

  0x000002b53265e11c: ; implicit exception: dispatches to 0x000002b53265ff99
  0x000002b53265e11c: 8b72 0c85 

  0x000002b53265e120: ;   {metadata(method data for {method} {0x000002b5501a0578} 'getParameterTypes' '()[Ljava/lang/Class;' in 'java/lang/reflect/Method')}
  0x000002b53265e120: f648 bea0 | 3d15 91b5 | 0200 00bf | 1001 0000 | 7505 bf20 | 0100 0048 | 8b1c 3e48 | 8d5b 0148 
  0x000002b53265e140: 891c 3e0f | 851d 0000 

  0x000002b53265e148: ;   {metadata(method data for {method} {0x000002b5501a0578} 'getParameterTypes' '()[Ljava/lang/Class;' in 'java/lang/reflect/Method')}
  0x000002b53265e148: 0048 bea0 | 3d15 91b5 | 0200 00ff | 8630 0100 | 0048 8984 | 24d8 0000 | 00e9 7e01 | 0000 4889 
  0x000002b53265e168: 8424 d800 | 0000 488b 

  0x000002b53265e170: ;   {metadata(method data for {method} {0x000002b5501a0578} 'getParameterTypes' '()[Ljava/lang/Class;' in 'java/lang/reflect/Method')}
  0x000002b53265e170: f248 bfa0 | 3d15 91b5 | 0200 008b | 7608 49ba | 0000 0050 | b502 0000 | 4903 f248 | 3bb7 5001 
  0x000002b53265e190: 0000 750d | 4883 8758 | 0100 0001 | e960 0000 | 0048 3bb7 | 6001 0000 | 750d 4883 | 8768 0100 
  0x000002b53265e1b0: 0001 e94a | 0000 0048 | 83bf 5001 | 0000 0075 | 1748 89b7 | 5001 0000 | 48c7 8758 | 0100 0001 
  0x000002b53265e1d0: 0000 00e9 | 2900 0000 | 4883 bf60 | 0100 0000 | 7517 4889 | b760 0100 | 0048 c787 | 6801 0000 
  0x000002b53265e1f0: 0100 0000 | e908 0000 | 0048 8387 | 4801 0000 | 0166 0f1f 

  0x000002b53265e204: ;   {optimized virtual_call}
  0x000002b53265e204: 4400 00e8 

  0x000002b53265e208: ; ImmutableOopMap {[176]=Oop [184]=Oop [192]=Oop [200]=Oop [208]=Oop [376]=Oop }
                      ;*invokevirtual clone {reexecute=0 rethrow=0 return_oop=0}
                      ; - java.lang.reflect.Method::getParameterTypes@19 (line 297)
                      ; - org.jpype.proxy.JPypeProxy::invoke@47
  0x000002b53265e208: 0457 5707 

  0x000002b53265e20c: ;   {post_call_nop}
  0x000002b53265e20c: 0f1f 8400 | 0409 0001 

  0x000002b53265e214: ;   {metadata(method data for {method} {0x000002b5501a0578} 'getParameterTypes' '()[Ljava/lang/Class;' in 'java/lang/reflect/Method')}
  0x000002b53265e214: 4885 c048 | bea0 3d15 | 91b5 0200 | 0075 0c80 | 8e71 0100 | 0001 e9af | 0000 008b | 7808 49ba 
  0x000002b53265e234: 0000 0050 | b502 0000 | 4903 fa48 | 3bbe 8001 | 0000 750d | 4883 8688 | 0100 0001 | e960 0000 
  0x000002b53265e254: 0048 3bbe | 9001 0000 | 750d 4883 | 8698 0100 | 0001 e94a | 0000 0048 | 83be 8001 | 0000 0075 
  0x000002b53265e274: 1748 89be | 8001 0000 | 48c7 8688 | 0100 0001 | 0000 00e9 | 2900 0000 | 4883 be90 | 0100 0000 
  0x000002b53265e294: 7517 4889 | be90 0100 | 0048 c786 | 9801 0000 | 0100 0000 | e908 0000 | 0048 8386 | 7801 0000 
  0x000002b53265e2b4: ;   {metadata('java/lang/Class'[])}
  0x000002b53265e2b4: 0148 bf60 | a117 50b5 | 0200 008b | 7008 49ba | 0000 0050 | b502 0000 | 4903 f248 | 3b7e 400f 
  0x000002b53265e2d4: 85c5 1c00 | 00e9 0000 | 0000 488b | d848 8bd3 

  0x000002b53265e2e4: ; implicit exception: dispatches to 0x000002b53265ffa7
  0x000002b53265e2e4: 448b 4a0c | 4489 8c24 | ec00 0000 | 498b d94c 

  0x000002b53265e2f4: ;   {metadata({type array long})}
  0x000002b53265e2f4: 8bda 48ba | 3084 1650 | b502 0000 | 4863 db48 | 8bfb 4881 | fbff ffff | 000f 8799 | 1c00 00be 
  0x000002b53265e314: 1700 0000 | 488d 34de | 4883 e6f8 | 498b 87c8 | 0100 0048 | 8d34 3049 | 3bb7 d801 | 0000 0f87 
  0x000002b53265e334: 741c 0000 | 4989 b7c8 | 0100 0048 | 2bf0 48c7 | 0001 0000 | 0048 8bca | 49ba 0000 | 0050 b502 
  0x000002b53265e354: 0000 492b | ca89 4808 | 8958 0c48 | 83ee 1048 | 85f6 0f84 | 1100 0000 | 4833 db48 | c1ee 0348 
  0x000002b53265e374: 895c f008 | 48ff ce75 | f648 8984 | 24e0 0000 | 00be 0000 | 0000 e9c5 | 0000 0090 | 4c63 c647 
  0x000002b53265e394: 8b44 8310 | 49c1 e003 

  0x000002b53265e39c: ;   {metadata(method data for {method} {0x000002b59141e220} 'invoke' '(Ljava/lang/Object;Ljava/lang/reflect/Method;[Ljava/lang/Object;)Ljava/lang/Object;' in 'org/jpype/proxy/JPypeProxy')}
  0x000002b53265e39c: 488b d748 | bba0 86d3 | 91b5 0200 

  0x000002b53265e3a8: ;   {metadata('org/jpype/manager/TypeManager')}
  0x000002b53265e3a8: 0049 ba00 | 3000 51b5 | 0200 004c | 8993 5802 | 0000 4883 | 8360 0200 | 0001 488b | d74c 899c 
  0x000002b53265e3c8: 24f0 0000 | 0089 b424 | e800 0000 

  0x000002b53265e3d4: ;   {optimized virtual_call}
  0x000002b53265e3d4: 6666 90e8 

  0x000002b53265e3d8: ; ImmutableOopMap {[176]=Oop [184]=Oop [192]=Oop [200]=Oop [208]=Oop [224]=Oop [240]=Oop [376]=Oop }
                      ;*invokevirtual findClass {reexecute=0 rethrow=0 return_oop=0}
                      ; - org.jpype.proxy.JPypeProxy::invoke@81
  0x000002b53265e3d8: 840a e806 

  0x000002b53265e3dc: ;   {post_call_nop}
  0x000002b53265e3dc: 0f1f 8400 | d40a 0002 | 488b 8c24 | e000 0000 | 8bb4 24e8 | 0000 003b | 710c 0f83 | ba1b 0000 
  0x000002b53265e3fc: 4863 d648 | 8944 d110 

  0x000002b53265e404: ;   {metadata(method data for {method} {0x000002b59141e220} 'invoke' '(Ljava/lang/Object;Ljava/lang/reflect/Method;[Ljava/lang/Object;)Ljava/lang/Object;' in 'org/jpype/proxy/JPypeProxy')}
  0x000002b53265e404: ffc6 48b8 | a086 d391 | b502 0000 | 8b90 d000 | 0000 83c2 | 0289 90d0 | 0000 0081 | e2fe 3f00 
  0x000002b53265e424: 0085 d20f | 8497 1b00 | 004d 8b57 

  0x000002b53265e430: ; ImmutableOopMap {rcx=Oop [176]=Oop [184]=Oop [192]=Oop [200]=Oop [208]=Oop [224]=Oop [240]=Oop [376]=Oop }
                      ;*goto {reexecute=1 rethrow=0 return_oop=0}
                      ; - (reexecute) org.jpype.proxy.JPypeProxy::invoke@88
                      ;   {poll}
  0x000002b53265e430: 3041 8502 

  0x000002b53265e434: ;   {metadata(method data for {method} {0x000002b59141e220} 'invoke' '(Ljava/lang/Object;Ljava/lang/reflect/Method;[Ljava/lang/Object;)Ljava/lang/Object;' in 'org/jpype/proxy/JPypeProxy')}
  0x000002b53265e434: 48b8 a086 | d391 b502 | 0000 ff80 | 8002 0000 | 448b 8c24 | ec00 0000 | 4c8b 9c24 | f000 0000 
  0x000002b53265e454: 488b bc24 | b800 0000 

  0x000002b53265e45c: ;   {metadata(method data for {method} {0x000002b59141e220} 'invoke' '(Ljava/lang/Object;Ljava/lang/reflect/Method;[Ljava/lang/Object;)Ljava/lang/Object;' in 'org/jpype/proxy/JPypeProxy')}
  0x000002b53265e45c: 413b f149 | b8a0 86d3 | 91b5 0200 | 00ba 4002 | 0000 7c05 | ba30 0200 | 0049 8b1c | 1048 8d5b 
  0x000002b53265e47c: 0149 891c | 100f 8c09 | ffff ff48 | 8b8c 24e0 | 0000 0048 | 8d84 2470 | 0100 004c | 8b40 0841 
  0x000002b53265e49c: 8b97 5806 | 0000 4d3b | 4417 f80f | 8538 1b00 | 0041 83af | 5806 0000 | 084d 3b44 | 17f0 0f84 
  0x000002b53265e4bc: 2a00 0000 | 498b 00a8 | 020f 8512 | 